<?xml version="1.0" encoding="UTF-8"?>
<!-- Generated by org.testng.reporters.JUnitReportReporter -->
<testsuite hostname="DESKTOP-L4VMG9F" failures="0" tests="1" name="seleniumtest.test.Flipkart" time="44.329" errors="0" timestamp="2024-10-10T16:00:00 IST" skipped="0">
  <testcase classname="seleniumtest.test.Flipkart" name="Test" time="44.329"/>
  <system-out/>
</testsuite> <!-- seleniumtest.test.Flipkart -->
